08:24:03 [main] DEBUG org.testng.TestNG - suiteXmlPath: "C:\Users\vijay.N\eclipse-workspace\SeleniumFrameWork\Master.xml"
08:24:03 [main] INFO  org.testng.internal.Utils - [TestNG] Running:
  C:\Users\vijay.N\eclipse-workspace\SeleniumFrameWork\Master.xml

08:24:37 [main] DEBUG org.testng.TestNG - suiteXmlPath: "C:\Users\vijay.N\eclipse-workspace\SeleniumFrameWork\Master.xml"
08:24:38 [main] INFO  org.testng.internal.Utils - [TestNG] Running:
  C:\Users\vijay.N\eclipse-workspace\SeleniumFrameWork\Master.xml

08:24:45 [main] INFO  testCases.EditAccountTest - *****testLogin method is start******
08:24:45 [main] INFO  testCases.EditAccountTest - *****LoginPage object is created******
08:24:45 [main] INFO  testCases.EditAccountTest - *****Entered email ID*****
08:24:45 [main] INFO  testCases.EditAccountTest - *****Enter password******
08:24:46 [main] INFO  testCases.EditAccountTest - *****EditAccountPage object is created******
08:24:56 [main] INFO  testCases.EditAccountTest - ******testLogin method is end*********
08:27:44 [main] DEBUG org.testng.TestNG - suiteXmlPath: "C:\Users\vijay.N\eclipse-workspace\SeleniumFrameWork\CrossBrowserTesting.xml"
08:27:44 [main] INFO  org.testng.internal.Utils - [TestNG] Running:
  C:\Users\vijay.N\eclipse-workspace\SeleniumFrameWork\CrossBrowserTesting.xml

08:27:50 [main] INFO  testCases.EditAccountTest - *****testLogin method is start******
08:27:50 [main] INFO  testCases.EditAccountTest - *****LoginPage object is created******
08:27:50 [main] INFO  testCases.EditAccountTest - *****Entered email ID*****
08:27:50 [main] INFO  testCases.EditAccountTest - *****Enter password******
08:27:51 [main] INFO  testCases.EditAccountTest - *****EditAccountPage object is created******
08:27:59 [main] INFO  testCases.EditAccountTest - ******testLogin method is end*********
08:29:22 [main] INFO  testCases.EditAccountTest - *****testLogin method is start******
08:29:22 [main] INFO  testCases.EditAccountTest - *****LoginPage object is created******
08:29:23 [main] INFO  testCases.EditAccountTest - *****Entered email ID*****
08:29:23 [main] INFO  testCases.EditAccountTest - *****Enter password******
08:29:23 [main] INFO  testCases.EditAccountTest - *****EditAccountPage object is created******
08:29:31 [main] INFO  testCases.EditAccountTest - ******testLogin method is end*********
08:29:45 [main] INFO  testCases.EditAccountTest - *****testLogin method is start******
08:29:45 [main] INFO  testCases.EditAccountTest - *****LoginPage object is created******
08:29:46 [main] INFO  testCases.EditAccountTest - *****Entered email ID*****
08:29:46 [main] INFO  testCases.EditAccountTest - *****Enter password******
08:29:47 [main] INFO  testCases.EditAccountTest - *****EditAccountPage object is created******
08:29:54 [main] INFO  testCases.EditAccountTest - ******testLogin method is end*********
08:40:53 [main] DEBUG org.testng.TestNG - suiteXmlPath: "C:\Users\vijay.N\eclipse-workspace\SeleniumFrameWork\Master.xml"
08:40:54 [main] INFO  org.testng.internal.Utils - [TestNG] Running:
  C:\Users\vijay.N\eclipse-workspace\SeleniumFrameWork\Master.xml

08:42:02 [main] DEBUG org.testng.TestNG - suiteXmlPath: "C:\Users\vijay.N\eclipse-workspace\SeleniumFrameWork\Master.xml"
08:42:02 [main] INFO  org.testng.internal.Utils - [TestNG] Running:
  C:\Users\vijay.N\eclipse-workspace\SeleniumFrameWork\Master.xml

08:42:48 [main] DEBUG org.testng.TestNG - suiteXmlPath: "C:\Users\vijay.N\eclipse-workspace\SeleniumFrameWork\Master.xml"
08:42:48 [main] INFO  org.testng.internal.Utils - [TestNG] Running:
  C:\Users\vijay.N\eclipse-workspace\SeleniumFrameWork\Master.xml

08:45:11 [main] DEBUG org.testng.TestNG - suiteXmlPath: "C:\Users\vijay.N\eclipse-workspace\SeleniumFrameWork\Master.xml"
08:45:12 [main] INFO  org.testng.internal.Utils - [TestNG] Running:
  C:\Users\vijay.N\eclipse-workspace\SeleniumFrameWork\Master.xml

08:45:17 [main] INFO  testCases.EditAccountTest - *****testLogin method is start******
08:45:17 [main] INFO  testCases.EditAccountTest - *****LoginPage object is created******
08:45:18 [main] INFO  testCases.EditAccountTest - *****Entered email ID*****
08:45:18 [main] INFO  testCases.EditAccountTest - *****Enter password******
08:45:19 [main] INFO  testCases.EditAccountTest - *****EditAccountPage object is created******
08:45:27 [main] INFO  testCases.EditAccountTest - ******testLogin method is end*********
11:50:42 [main] DEBUG org.testng.TestNG - suiteXmlPath: "C:\Users\vijay.N\eclipse-workspace\SeleniumFrameWork\Master.xml"
11:50:42 [main] INFO  org.testng.internal.Utils - [TestNG] Running:
  C:\Users\vijay.N\eclipse-workspace\SeleniumFrameWork\Master.xml

11:50:51 [main] INFO  testCases.LoginTestVerify - ****testLogin method start*****
11:50:51 [main] INFO  testCases.LoginTestVerify - *****LoginPage object is created******
11:50:51 [main] INFO  testCases.LoginTestVerify - *****Entered email ID*****
11:50:51 [main] INFO  testCases.LoginTestVerify - *****Enter password******
11:50:52 [main] INFO  testCases.LoginTestVerify - ****testLogin method ended*****
12:57:37 [main] DEBUG org.testng.TestNG - suiteXmlPath: "C:\Users\vijay.N\eclipse-workspace\SeleniumFrameWork\Master.xml"
12:57:38 [main] INFO  org.testng.internal.Utils - [TestNG] Running:
  C:\Users\vijay.N\eclipse-workspace\SeleniumFrameWork\Master.xml

17:50:25 [main] DEBUG org.testng.TestNG - suiteXmlPath: "C:\Users\vijay.N\eclipse-workspace\SeleniumFrameWork\Master.xml"
17:50:26 [main] INFO  org.testng.internal.Utils - [TestNG] Running:
  C:\Users\vijay.N\eclipse-workspace\SeleniumFrameWork\Master.xml

17:50:33 [main] INFO  testCases.LoginTestVerify - ****testLogin method start*****
17:50:33 [main] INFO  testCases.LoginTestVerify - *****LoginPage object is created******
17:50:34 [main] INFO  testCases.LoginTestVerify - *****Entered email ID*****
17:50:34 [main] INFO  testCases.LoginTestVerify - *****Enter password******
17:50:35 [main] INFO  testCases.LoginTestVerify - ****testLogin method ended*****
17:51:31 [main] DEBUG org.testng.TestNG - suiteXmlPath: "C:\Users\vijay.N\eclipse-workspace\SeleniumFrameWork\Master.xml"
17:51:32 [main] INFO  org.testng.internal.Utils - [TestNG] Running:
  C:\Users\vijay.N\eclipse-workspace\SeleniumFrameWork\Master.xml

17:51:36 [main] INFO  testCases.LoginTestVerify - ****testLogin method start*****
17:51:36 [main] INFO  testCases.LoginTestVerify - *****LoginPage object is created******
17:51:37 [main] INFO  testCases.LoginTestVerify - *****Entered email ID*****
17:51:37 [main] INFO  testCases.LoginTestVerify - *****Enter password******
17:51:38 [main] INFO  testCases.LoginTestVerify - ****testLogin method ended*****
18:47:33 [main] DEBUG org.testng.TestNG - suiteXmlPath: "C:\Users\vijay.N\eclipse-workspace\SeleniumFrameWork\Master.xml"
18:47:33 [main] INFO  org.testng.internal.Utils - [TestNG] Running:
  C:\Users\vijay.N\eclipse-workspace\SeleniumFrameWork\Master.xml

18:47:40 [main] INFO  testCases.LoginTestVerify - ****testLogin method start*****
18:47:40 [main] INFO  testCases.LoginTestVerify - *****LoginPage object is created******
18:47:40 [main] INFO  testCases.LoginTestVerify - *****Entered email ID*****
18:47:40 [main] INFO  testCases.LoginTestVerify - *****Enter password******
18:47:42 [main] INFO  testCases.LoginTestVerify - ****testLogin method ended*****
18:53:48 [main] DEBUG org.testng.TestNG - suiteXmlPath: "C:\Users\vijay.N\eclipse-workspace\SeleniumFrameWork\Master.xml"
18:53:49 [main] INFO  org.testng.internal.Utils - [TestNG] Running:
  C:\Users\vijay.N\eclipse-workspace\SeleniumFrameWork\Master.xml

18:53:56 [main] INFO  testCases.LoginTestVerify - ****testLogin method start*****
18:53:56 [main] INFO  testCases.LoginTestVerify - *****LoginPage object is created******
18:53:56 [main] INFO  testCases.LoginTestVerify - *****Entered email ID*****
18:53:57 [main] INFO  testCases.LoginTestVerify - *****Enter password******
18:53:58 [main] INFO  testCases.LoginTestVerify - ****testLogin method ended*****
18:58:17 [main] DEBUG org.testng.TestNG - suiteXmlPath: "C:\Users\vijay.N\eclipse-workspace\SeleniumFrameWork\Master.xml"
18:58:18 [main] INFO  org.testng.internal.Utils - [TestNG] Running:
  C:\Users\vijay.N\eclipse-workspace\SeleniumFrameWork\Master.xml

18:58:24 [main] INFO  testCases.LoginTestVerify - ****testLogin method start*****
18:58:24 [main] INFO  testCases.LoginTestVerify - *****LoginPage object is created******
18:58:24 [main] INFO  testCases.LoginTestVerify - *****Entered email ID*****
18:58:25 [main] INFO  testCases.LoginTestVerify - *****Enter password******
18:58:26 [main] INFO  testCases.LoginTestVerify - ****testLogin method ended*****
19:00:48 [main] DEBUG org.testng.TestNG - suiteXmlPath: "C:\Users\vijay.N\eclipse-workspace\SeleniumFrameWork\Master.xml"
19:00:49 [main] INFO  org.testng.internal.Utils - [TestNG] Running:
  C:\Users\vijay.N\eclipse-workspace\SeleniumFrameWork\Master.xml

19:00:55 [main] INFO  testCases.LoginTestVerify - ****testLogin method start*****
19:00:56 [main] INFO  testCases.LoginTestVerify - *****LoginPage object is created******
19:00:56 [main] INFO  testCases.LoginTestVerify - *****Entered email ID*****
19:00:56 [main] INFO  testCases.LoginTestVerify - *****Enter password******
19:00:57 [main] INFO  testCases.LoginTestVerify - ****testLogin method ended*****
19:05:57 [main] DEBUG org.testng.TestNG - suiteXmlPath: "C:\Users\vijay.N\eclipse-workspace\SeleniumFrameWork\Master.xml"
19:05:57 [main] INFO  org.testng.internal.Utils - [TestNG] Running:
  C:\Users\vijay.N\eclipse-workspace\SeleniumFrameWork\Master.xml

19:06:03 [main] INFO  testCases.LoginTestVerify - ****testLogin method start*****
19:06:03 [main] INFO  testCases.LoginTestVerify - *****LoginPage object is created******
19:06:03 [main] INFO  testCases.LoginTestVerify - *****Entered email ID*****
19:06:04 [main] INFO  testCases.LoginTestVerify - *****Enter password******
19:07:55 [main] DEBUG org.testng.TestNG - suiteXmlPath: "C:\Users\vijay.N\eclipse-workspace\SeleniumFrameWork\Master.xml"
19:07:56 [main] INFO  org.testng.internal.Utils - [TestNG] Running:
  C:\Users\vijay.N\eclipse-workspace\SeleniumFrameWork\Master.xml

19:08:01 [main] INFO  testCases.LoginTestVerify - ****testLogin method start*****
19:08:01 [main] INFO  testCases.LoginTestVerify - *****LoginPage object is created******
19:08:02 [main] INFO  testCases.LoginTestVerify - *****Entered email ID*****
19:08:02 [main] INFO  testCases.LoginTestVerify - *****Enter password******
19:10:47 [main] DEBUG org.testng.TestNG - suiteXmlPath: "C:\Users\vijay.N\eclipse-workspace\SeleniumFrameWork\Master.xml"
19:10:48 [main] INFO  org.testng.internal.Utils - [TestNG] Running:
  C:\Users\vijay.N\eclipse-workspace\SeleniumFrameWork\Master.xml

19:10:54 [main] INFO  testCases.LoginTestVerify - ****testLogin method start*****
19:10:54 [main] INFO  testCases.LoginTestVerify - *****LoginPage object is created******
19:10:55 [main] INFO  testCases.LoginTestVerify - *****Entered email ID*****
19:10:55 [main] INFO  testCases.LoginTestVerify - *****Enter password******
19:12:35 [main] DEBUG org.testng.TestNG - suiteXmlPath: "C:\Users\vijay.N\eclipse-workspace\SeleniumFrameWork\Master.xml"
19:12:35 [main] INFO  org.testng.internal.Utils - [TestNG] Running:
  C:\Users\vijay.N\eclipse-workspace\SeleniumFrameWork\Master.xml

19:12:41 [main] INFO  testCases.LoginTestVerify - ****testLogin method start*****
19:12:41 [main] INFO  testCases.LoginTestVerify - *****LoginPage object is created******
19:12:41 [main] INFO  testCases.LoginTestVerify - *****Entered email ID*****
19:12:41 [main] INFO  testCases.LoginTestVerify - *****Enter password******
19:13:58 [main] DEBUG org.testng.TestNG - suiteXmlPath: "C:\Users\vijay.N\eclipse-workspace\SeleniumFrameWork\Master.xml"
19:13:59 [main] INFO  org.testng.internal.Utils - [TestNG] Running:
  C:\Users\vijay.N\eclipse-workspace\SeleniumFrameWork\Master.xml

19:14:04 [main] INFO  testCases.LoginTestVerify - ****testLogin method start*****
19:14:04 [main] INFO  testCases.LoginTestVerify - *****LoginPage object is created******
19:14:04 [main] INFO  testCases.LoginTestVerify - *****Entered email ID*****
19:14:05 [main] INFO  testCases.LoginTestVerify - *****Enter password******
19:14:06 [main] INFO  testCases.LoginTestVerify - ****testLogin method ended*****
19:18:46 [main] DEBUG org.testng.TestNG - suiteXmlPath: "C:\Users\vijay.N\eclipse-workspace\SeleniumFrameWork\Master.xml"
19:18:47 [main] INFO  org.testng.internal.Utils - [TestNG] Running:
  C:\Users\vijay.N\eclipse-workspace\SeleniumFrameWork\Master.xml

19:18:52 [main] INFO  testCases.LoginTestVerify - ****testLogin method start*****
19:18:53 [main] INFO  testCases.LoginTestVerify - *****LoginPage object is created******
19:18:53 [main] INFO  testCases.LoginTestVerify - *****Entered email ID*****
19:18:53 [main] INFO  testCases.LoginTestVerify - *****Enter password******
19:18:54 [main] INFO  testCases.LoginTestVerify - ****testLogin method ended*****
19:22:18 [main] DEBUG org.testng.TestNG - suiteXmlPath: "C:\Users\vijay.N\eclipse-workspace\SeleniumFrameWork\Master.xml"
19:22:19 [main] INFO  org.testng.internal.Utils - [TestNG] Running:
  C:\Users\vijay.N\eclipse-workspace\SeleniumFrameWork\Master.xml

19:22:26 [main] INFO  testCases.LoginTestVerify - ****testLogin method start*****
19:22:26 [main] INFO  testCases.LoginTestVerify - *****LoginPage object is created******
19:22:27 [main] INFO  testCases.LoginTestVerify - *****Entered email ID*****
19:22:27 [main] INFO  testCases.LoginTestVerify - *****Enter password******
19:22:28 [main] INFO  testCases.LoginTestVerify - ****testLogin method ended*****
19:24:51 [main] DEBUG org.testng.TestNG - suiteXmlPath: "C:\Users\vijay.N\eclipse-workspace\SeleniumFrameWork\Master.xml"
19:24:52 [main] INFO  org.testng.internal.Utils - [TestNG] Running:
  C:\Users\vijay.N\eclipse-workspace\SeleniumFrameWork\Master.xml

19:24:58 [main] INFO  testCases.LoginTestVerify - ****testLogin method start*****
19:24:58 [main] INFO  testCases.LoginTestVerify - *****LoginPage object is created******
19:24:59 [main] INFO  testCases.LoginTestVerify - *****Entered email ID*****
19:24:59 [main] INFO  testCases.LoginTestVerify - *****Enter password******
19:25:00 [main] INFO  testCases.LoginTestVerify - ****testLogin method ended*****
19:51:58 [main] DEBUG org.testng.TestNG - suiteXmlPath: "C:\Users\vijay.N\eclipse-workspace\SeleniumFrameWork\Master.xml"
19:51:59 [main] INFO  org.testng.internal.Utils - [TestNG] Running:
  C:\Users\vijay.N\eclipse-workspace\SeleniumFrameWork\Master.xml

19:52:53 [main] DEBUG org.testng.TestNG - suiteXmlPath: "C:\Users\vijay.N\eclipse-workspace\SeleniumFrameWork\Master.xml"
19:52:54 [main] INFO  org.testng.internal.Utils - [TestNG] Running:
  C:\Users\vijay.N\eclipse-workspace\SeleniumFrameWork\Master.xml

19:53:00 [main] INFO  testCases.LoginTestVerify - ****testLogin method start*****
19:53:00 [main] INFO  testCases.LoginTestVerify - *****LoginPage object is created******
19:53:00 [main] INFO  testCases.LoginTestVerify - *****Entered email ID*****
19:53:00 [main] INFO  testCases.LoginTestVerify - *****Enter password******
19:53:02 [main] INFO  testCases.LoginTestVerify - ****testLogin method ended*****
20:28:29 [main] DEBUG org.testng.TestNG - suiteXmlPath: "C:\Users\vijay.N\eclipse-workspace\SeleniumFrameWork\Master.xml"
20:28:29 [main] INFO  org.testng.internal.Utils - [TestNG] Running:
  C:\Users\vijay.N\eclipse-workspace\SeleniumFrameWork\Master.xml

20:28:38 [main] INFO  testCases.LoginTestVerify - ****testLogin method start*****
20:28:38 [main] INFO  testCases.LoginTestVerify - *****LoginPage object is created******
20:28:38 [main] INFO  testCases.LoginTestVerify - *****Entered email ID*****
20:28:38 [main] INFO  testCases.LoginTestVerify - *****Enter password******
20:28:40 [main] INFO  testCases.LoginTestVerify - ****testLogin method ended*****
